[2026-04-10 10:59:26Z INFO HostContext] No proxy settings were found based on environmental variables (http_proxy/https_proxy/HTTP_PROXY/HTTPS_PROXY)
[2026-04-10 10:59:26Z INFO HostContext] Well known directory 'Bin': 'D:\GithubActions\actions-runner\bin'
[2026-04-10 10:59:26Z INFO HostContext] Well known directory 'Root': 'D:\GithubActions\actions-runner'
[2026-04-10 10:59:26Z INFO HostContext] Well known config file 'Credentials': 'D:\GithubActions\actions-runner\.credentials'
[2026-04-10 10:59:28Z INFO HostContext] Well known directory 'Bin': 'D:\GithubActions\actions-runner\bin'
[2026-04-10 10:59:28Z INFO HostContext] Well known directory 'Root': 'D:\GithubActions\actions-runner'
[2026-04-10 10:59:28Z INFO HostContext] Well known config file 'Runner': 'D:\GithubActions\actions-runner\.runner'
[2026-04-10 10:59:28Z INFO Listener] Runner is built for Windows (X64) - win-x64.
[2026-04-10 10:59:28Z INFO Listener] RuntimeInformation: Microsoft Windows 10.0.19045.
[2026-04-10 10:59:28Z INFO Listener] Version: 2.333.1
[2026-04-10 10:59:28Z INFO Listener] Commit: 6792966801e8925346735b68c03bf9f347af4646
[2026-04-10 10:59:28Z INFO Listener] Culture: en-US
[2026-04-10 10:59:28Z INFO Listener] UI Culture: en-US
[2026-04-10 10:59:28Z INFO HostContext] Well known directory 'Bin': 'D:\GithubActions\actions-runner\bin'
[2026-04-10 10:59:28Z INFO HostContext] Well known directory 'Root': 'D:\GithubActions\actions-runner'
[2026-04-10 10:59:28Z INFO Listener] Validating directory permissions for: 'D:\GithubActions\actions-runner'
[2026-04-10 10:59:28Z INFO CommandLineParser] Parse
[2026-04-10 10:59:28Z INFO CommandLineParser] Parsing 1 args
[2026-04-10 10:59:28Z INFO CommandLineParser] parsing argument
[2026-04-10 10:59:28Z INFO CommandLineParser] HasArgs: False
[2026-04-10 10:59:28Z INFO CommandLineParser] Adding Command: run
[2026-04-10 10:59:28Z INFO Listener] Arguments parsed
[2026-04-10 10:59:28Z INFO Runner] ExecuteCommand
[2026-04-10 10:59:28Z INFO ConfigurationStore] currentAssemblyLocation: D:\GithubActions\actions-runner\bin\Runner.Listener.dll
[2026-04-10 10:59:28Z INFO HostContext] Well known directory 'Bin': 'D:\GithubActions\actions-runner\bin'
[2026-04-10 10:59:28Z INFO ConfigurationStore] binPath: D:\GithubActions\actions-runner\bin
[2026-04-10 10:59:28Z INFO HostContext] Well known directory 'Bin': 'D:\GithubActions\actions-runner\bin'
[2026-04-10 10:59:28Z INFO HostContext] Well known directory 'Root': 'D:\GithubActions\actions-runner'
[2026-04-10 10:59:28Z INFO ConfigurationStore] RootFolder: D:\GithubActions\actions-runner
[2026-04-10 10:59:28Z INFO HostContext] Well known directory 'Bin': 'D:\GithubActions\actions-runner\bin'
[2026-04-10 10:59:28Z INFO HostContext] Well known directory 'Root': 'D:\GithubActions\actions-runner'
[2026-04-10 10:59:28Z INFO HostContext] Well known config file 'Runner': 'D:\GithubActions\actions-runner\.runner'
[2026-04-10 10:59:28Z INFO ConfigurationStore] ConfigFilePath: D:\GithubActions\actions-runner\.runner
[2026-04-10 10:59:28Z INFO HostContext] Well known directory 'Bin': 'D:\GithubActions\actions-runner\bin'
[2026-04-10 10:59:28Z INFO HostContext] Well known directory 'Root': 'D:\GithubActions\actions-runner'
[2026-04-10 10:59:28Z INFO HostContext] Well known config file 'MigratedRunner': 'D:\GithubActions\actions-runner\.runner_migrated'
[2026-04-10 10:59:28Z INFO ConfigurationStore] MigratedConfigFilePath: D:\GithubActions\actions-runner\.runner_migrated
[2026-04-10 10:59:28Z INFO HostContext] Well known directory 'Bin': 'D:\GithubActions\actions-runner\bin'
[2026-04-10 10:59:28Z INFO HostContext] Well known directory 'Root': 'D:\GithubActions\actions-runner'
[2026-04-10 10:59:28Z INFO HostContext] Well known config file 'Credentials': 'D:\GithubActions\actions-runner\.credentials'
[2026-04-10 10:59:28Z INFO ConfigurationStore] CredFilePath: D:\GithubActions\actions-runner\.credentials
[2026-04-10 10:59:28Z INFO HostContext] Well known directory 'Bin': 'D:\GithubActions\actions-runner\bin'
[2026-04-10 10:59:28Z INFO HostContext] Well known directory 'Root': 'D:\GithubActions\actions-runner'
[2026-04-10 10:59:28Z INFO HostContext] Well known config file 'MigratedCredentials': 'D:\GithubActions\actions-runner\.credentials_migrated'
[2026-04-10 10:59:28Z INFO ConfigurationStore] MigratedCredFilePath: D:\GithubActions\actions-runner\.credentials_migrated
[2026-04-10 10:59:28Z INFO HostContext] Well known directory 'Bin': 'D:\GithubActions\actions-runner\bin'
[2026-04-10 10:59:28Z INFO HostContext] Well known directory 'Root': 'D:\GithubActions\actions-runner'
[2026-04-10 10:59:28Z INFO HostContext] Well known config file 'Service': 'D:\GithubActions\actions-runner\.service'
[2026-04-10 10:59:28Z INFO ConfigurationStore] ServiceConfigFilePath: D:\GithubActions\actions-runner\.service
[2026-04-10 10:59:28Z INFO CommandSettings] Flag 'help': 'False'
[2026-04-10 10:59:28Z INFO CommandSettings] Flag 'version': 'False'
[2026-04-10 10:59:28Z INFO CommandSettings] Flag 'commit': 'False'
[2026-04-10 10:59:28Z INFO CommandSettings] Flag 'check': 'False'
[2026-04-10 10:59:28Z INFO CommandSettings] Command 'configure': 'False'
[2026-04-10 10:59:28Z INFO CommandSettings] Command 'remove': 'False'
[2026-04-10 10:59:28Z INFO CommandSettings] Command 'warmup': 'False'
[2026-04-10 10:59:28Z INFO ConfigurationManager] LoadSettings
[2026-04-10 10:59:28Z INFO ConfigurationStore] IsConfigured()
[2026-04-10 10:59:28Z INFO ConfigurationStore] IsConfigured: True
[2026-04-10 10:59:28Z INFO ConfigurationManager] Is configured: True
[2026-04-10 10:59:28Z INFO ConfigurationStore] Read setting file: 417 chars
[2026-04-10 10:59:28Z INFO ConfigurationManager] Settings Loaded
[2026-04-10 10:59:28Z INFO ConfigurationStore] IsServiceConfigured()
[2026-04-10 10:59:28Z INFO ConfigurationStore] IsServiceConfigured: False
[2026-04-10 10:59:28Z INFO CommandSettings] Command 'run': 'True'
[2026-04-10 10:59:28Z INFO ConfigurationStore] IsConfigured()
[2026-04-10 10:59:28Z INFO ConfigurationStore] IsConfigured: True
[2026-04-10 10:59:28Z INFO ConfigurationManager] Is configured: True
[2026-04-10 10:59:28Z INFO Runner] Could not parse the argument value '' for StartupType. Defaulting to Manual
[2026-04-10 10:59:28Z INFO Runner] Set runner startup type - Manual
[2026-04-10 10:59:28Z INFO CommandSettings] Flag 'once': 'False'
[2026-04-10 10:59:28Z INFO CommandSettings] Flag 'once': 'False'
[2026-04-10 10:59:28Z INFO Runner] RunAsync
[2026-04-10 10:59:28Z INFO HostContext] Well known directory 'Bin': 'D:\GithubActions\actions-runner\bin'
[2026-04-10 10:59:28Z INFO HostContext] Well known directory 'Root': 'D:\GithubActions\actions-runner'
[2026-04-10 10:59:28Z INFO HostContext] Well known directory 'Work': 'D:\GithubActions\actions-runner\_work'
[2026-04-10 10:59:28Z INFO Runner] Validating directory permissions for: 'D:\GithubActions\actions-runner\_work'
[2026-04-10 10:59:28Z INFO ConfigurationManager] LoadMigratedSettings
[2026-04-10 10:59:28Z INFO ConfigurationStore] IsMigratedConfigured()
[2026-04-10 10:59:28Z INFO ConfigurationStore] IsMigratedConfigured: False
[2026-04-10 10:59:28Z INFO Runner] Failed to load migrated settings: No migrated configuration found.
[2026-04-10 10:59:28Z INFO Runner] Falling back to original .runner settings
[2026-04-10 10:59:28Z INFO Runner] Using BrokerMessageListener
[2026-04-10 10:59:28Z INFO BrokerMessageListener] Using provided settings
[2026-04-10 10:59:28Z INFO BrokerMessageListener] {
  "AgentId": 2,
  "AgentName": "DESKTOP-6T2BVS9",
  "PoolId": 1,
  "PoolName": "Default",
  "ServerUrl": "https://pipelinesghubeus21.actions.githubusercontent.com/9OqaY3LhdrZRMmO9msXyUgWOJkKqQHqqGNxve4fHzqDI5vzFc5/",
  "GitHubUrl": "https://github.com/PravalikaBathini/python-devops-project",
  "WorkFolder": "_work",
  "UseV2Flow": true,
  "ServerUrlV2": "https://broker.actions.githubusercontent.com/"
}
[2026-04-10 10:59:28Z INFO BrokerMessageListener] Loading Credentials
[2026-04-10 10:59:28Z INFO ConfigurationStore] HasCredentials()
[2026-04-10 10:59:28Z INFO ConfigurationStore] stored True
[2026-04-10 10:59:28Z INFO CredentialManager] GetCredentialProvider
[2026-04-10 10:59:28Z INFO CredentialManager] Creating type OAuth
[2026-04-10 10:59:28Z INFO CredentialManager] Creating credential type: OAuth
[2026-04-10 10:59:28Z INFO HostContext] Well known directory 'Bin': 'D:\GithubActions\actions-runner\bin'
[2026-04-10 10:59:28Z INFO HostContext] Well known directory 'Root': 'D:\GithubActions\actions-runner'
[2026-04-10 10:59:28Z INFO HostContext] Well known config file 'RSACredentials': 'D:\GithubActions\actions-runner\.credentials_rsaparams'
[2026-04-10 10:59:28Z INFO RSAEncryptedFileKeyManager] Loading RSA key parameters from file D:\GithubActions\actions-runner\.credentials_rsaparams
[2026-04-10 10:59:28Z INFO BrokerMessageListener] Attempt to create session.
[2026-04-10 10:59:28Z INFO BrokerMessageListener] Connecting to the Broker Server...
[2026-04-10 10:59:28Z INFO ConfigurationStore] HasCredentials()
[2026-04-10 10:59:28Z INFO ConfigurationStore] stored True
[2026-04-10 10:59:28Z INFO CredentialManager] GetCredentialProvider
[2026-04-10 10:59:28Z INFO CredentialManager] Creating type OAuth
[2026-04-10 10:59:28Z INFO CredentialManager] Creating credential type: OAuth
[2026-04-10 10:59:28Z INFO RSAEncryptedFileKeyManager] Loading RSA key parameters from file D:\GithubActions\actions-runner\.credentials_rsaparams
[2026-04-10 10:59:28Z INFO BrokerMessageListener] VssConnection created
[2026-04-10 10:59:28Z INFO BrokerMessageListener] Connecting to the Runner server...
[2026-04-10 10:59:28Z INFO RunnerServer] EstablishVssConnection
[2026-04-10 10:59:28Z INFO RunnerServer] Establish connection with 100 seconds timeout.
[2026-04-10 10:59:29Z INFO GitHubActionsService] Starting operation Location.GetConnectionData
[2026-04-10 10:59:29Z INFO RunnerServer] EstablishVssConnection
[2026-04-10 10:59:29Z INFO RunnerServer] Establish connection with 60 seconds timeout.
[2026-04-10 10:59:29Z INFO GitHubActionsService] Starting operation Location.GetConnectionData
[2026-04-10 10:59:29Z INFO RunnerServer] EstablishVssConnection
[2026-04-10 10:59:29Z INFO RunnerServer] Establish connection with 60 seconds timeout.
[2026-04-10 10:59:29Z INFO GitHubActionsService] Starting operation Location.GetConnectionData
[2026-04-10 10:59:31Z INFO GitHubActionsService] Finished operation Location.GetConnectionData
[2026-04-10 10:59:31Z INFO GitHubActionsService] Finished operation Location.GetConnectionData
[2026-04-10 10:59:31Z INFO GitHubActionsService] Finished operation Location.GetConnectionData
[2026-04-10 10:59:31Z INFO BrokerMessageListener] VssConnection created
[2026-04-10 10:59:31Z INFO Terminal] WRITE LINE: 
[2026-04-10 10:59:31Z INFO Terminal] WRITE LINE: 
[2026-04-10 10:59:31Z INFO RSAEncryptedFileKeyManager] Loading RSA key parameters from file D:\GithubActions\actions-runner\.credentials_rsaparams
[2026-04-10 10:59:31Z INFO RSAEncryptedFileKeyManager] Loading RSA key parameters from file D:\GithubActions\actions-runner\.credentials_rsaparams
[2026-04-10 10:59:32Z INFO GitHubActionsService] AAD Correlation ID for this token request: Unknown
[2026-04-10 10:59:34Z INFO BrokerMessageListener] Session created.
[2026-04-10 10:59:34Z INFO Terminal] WRITE LINE: Current runner version: '2.333.1'
[2026-04-10 10:59:34Z INFO Terminal] WRITE LINE: 2026-04-10 10:59:34Z: Listening for Jobs
[2026-04-10 10:59:34Z INFO JobDispatcher] Set runner/worker IPC timeout to 30 seconds.
[2026-04-10 11:15:52Z INFO BrokerMessageListener] Acknowledging runner request 'f41f17c7-2cf9-571c-a413-5cc7e0895461'.
[2026-04-10 11:15:52Z INFO ConfigurationStore] HasCredentials()
[2026-04-10 11:15:52Z INFO ConfigurationStore] stored True
[2026-04-10 11:15:52Z INFO CredentialManager] GetCredentialProvider
[2026-04-10 11:15:52Z INFO CredentialManager] Creating type OAuth
[2026-04-10 11:15:52Z INFO CredentialManager] Creating credential type: OAuth
[2026-04-10 11:15:52Z INFO RSAEncryptedFileKeyManager] Loading RSA key parameters from file D:\GithubActions\actions-runner\.credentials_rsaparams
[2026-04-10 11:15:52Z INFO RSAEncryptedFileKeyManager] Loading RSA key parameters from file D:\GithubActions\actions-runner\.credentials_rsaparams
[2026-04-10 11:15:52Z INFO RSAEncryptedFileKeyManager] Loading RSA key parameters from file D:\GithubActions\actions-runner\.credentials_rsaparams
[2026-04-10 11:15:54Z INFO GitHubActionsService] AAD Correlation ID for this token request: Unknown
[2026-04-10 11:15:56Z INFO JobDispatcher] Job request 0 for plan 1713a338-ced0-4afd-81d5-07ab0d51dd76 job f41f17c7-2cf9-571c-a413-5cc7e0895461 received.
[2026-04-10 11:15:56Z INFO JobDispatcher] Pull OrchestrationId 1713a338-ced0-4afd-81d5-07ab0d51dd76.deploy.__default from JWT claims
[2026-04-10 11:15:56Z INFO BrokerMessageListener] Received job status event. JobState: Busy
[2026-04-10 11:15:56Z INFO BrokerMessageListener] _getMessagesTokenSource is already disposed.
[2026-04-10 11:15:56Z INFO Terminal] WRITE LINE: 2026-04-10 11:15:56Z: Running job: Deploy to Minikube
[2026-04-10 11:15:56Z INFO JobDispatcher] Start renew job request 0 for job f41f17c7-2cf9-571c-a413-5cc7e0895461.
[2026-04-10 11:15:57Z INFO JobDispatcher] Successfully renew job f41f17c7-2cf9-571c-a413-5cc7e0895461, job is valid till 4/10/2026 11:25:58 AM
[2026-04-10 11:15:57Z INFO HostContext] Well known directory 'Bin': 'D:\GithubActions\actions-runner\bin'
[2026-04-10 11:15:57Z INFO ProcessInvokerWrapper] Starting process:
[2026-04-10 11:15:57Z INFO ProcessInvokerWrapper]   File name: 'D:\GithubActions\actions-runner\bin\Runner.Worker.exe'
[2026-04-10 11:15:57Z INFO ProcessInvokerWrapper]   Arguments: 'spawnclient 2268 2244'
[2026-04-10 11:15:57Z INFO ProcessInvokerWrapper]   Working directory: 'D:\GithubActions\actions-runner\bin'
[2026-04-10 11:15:57Z INFO ProcessInvokerWrapper]   Require exit code zero: 'False'
[2026-04-10 11:15:57Z INFO ProcessInvokerWrapper]   Encoding web name:  ; code page: ''
[2026-04-10 11:15:57Z INFO ProcessInvokerWrapper]   Force kill process on cancellation: 'True'
[2026-04-10 11:15:57Z INFO ProcessInvokerWrapper]   Redirected STDIN: 'False'
[2026-04-10 11:15:57Z INFO ProcessInvokerWrapper]   Persist current code page: 'False'
[2026-04-10 11:15:57Z INFO ProcessInvokerWrapper]   Keep redirected STDIN open: 'False'
[2026-04-10 11:15:57Z INFO ProcessInvokerWrapper]   High priority process: 'True'
[2026-04-10 11:15:57Z INFO ProcessInvokerWrapper] Process started with process id 17304, waiting for process exit.
[2026-04-10 11:15:57Z INFO JobDispatcher] Send job request message to worker for job f41f17c7-2cf9-571c-a413-5cc7e0895461.
[2026-04-10 11:15:57Z INFO ProcessChannel] Sending message of length 23573, with hash '722251dbe9a72d332081c2f481209fece23e3c4f4cbad69e02586f4fd19a1c1e'
[2026-04-10 11:15:58Z INFO JobNotification] Entering JobStarted Notification
[2026-04-10 11:15:58Z INFO JobNotification] Entering StartMonitor
[2026-04-10 11:16:58Z INFO JobDispatcher] Successfully renew job f41f17c7-2cf9-571c-a413-5cc7e0895461, job is valid till 4/10/2026 11:26:59 AM
[2026-04-10 11:17:58Z INFO JobDispatcher] Successfully renew job f41f17c7-2cf9-571c-a413-5cc7e0895461, job is valid till 4/10/2026 11:27:59 AM
[2026-04-10 11:18:58Z INFO JobDispatcher] Successfully renew job f41f17c7-2cf9-571c-a413-5cc7e0895461, job is valid till 4/10/2026 11:29:00 AM
[2026-04-10 11:19:59Z INFO JobDispatcher] Successfully renew job f41f17c7-2cf9-571c-a413-5cc7e0895461, job is valid till 4/10/2026 11:30:00 AM
[2026-04-10 11:20:59Z INFO JobDispatcher] Successfully renew job f41f17c7-2cf9-571c-a413-5cc7e0895461, job is valid till 4/10/2026 11:31:01 AM
[2026-04-10 11:21:59Z INFO JobDispatcher] Successfully renew job f41f17c7-2cf9-571c-a413-5cc7e0895461, job is valid till 4/10/2026 11:32:01 AM
[2026-04-10 11:23:00Z INFO JobDispatcher] Successfully renew job f41f17c7-2cf9-571c-a413-5cc7e0895461, job is valid till 4/10/2026 11:33:01 AM
[2026-04-10 11:24:00Z INFO JobDispatcher] Successfully renew job f41f17c7-2cf9-571c-a413-5cc7e0895461, job is valid till 4/10/2026 11:34:02 AM
[2026-04-10 11:25:00Z INFO JobDispatcher] Successfully renew job f41f17c7-2cf9-571c-a413-5cc7e0895461, job is valid till 4/10/2026 11:35:02 AM
[2026-04-10 11:26:01Z INFO JobDispatcher] Successfully renew job f41f17c7-2cf9-571c-a413-5cc7e0895461, job is valid till 4/10/2026 11:36:02 AM
[2026-04-10 11:27:01Z INFO JobDispatcher] Successfully renew job f41f17c7-2cf9-571c-a413-5cc7e0895461, job is valid till 4/10/2026 11:37:03 AM
[2026-04-10 11:27:17Z INFO Terminal] WRITE LINE: Exiting...
[2026-04-10 11:27:17Z INFO ConfigurationStore] IsServiceConfigured()
[2026-04-10 11:27:17Z INFO ConfigurationStore] IsServiceConfigured: False
[2026-04-10 11:27:17Z INFO HostContext] Runner will be shutdown for UserCancelled
[2026-04-10 11:27:17Z WARN GitHubActionsService] GET request to https://broker.actions.githubusercontent.com/message?sessionId=7613dbb3-a740-4d5d-9396-23e9f853d2aa&status=Busy&runnerVersion=2.333.1&os=Windows&architecture=X64&disableUpdate=false has been cancelled.
[2026-04-10 11:27:17Z ERR  BrokerServer] Catch exception during request
[2026-04-10 11:27:17Z ERR  BrokerServer] System.Threading.Tasks.TaskCanceledException: The operation was canceled.
 ---> System.Threading.Tasks.TaskCanceledException: The operation was canceled.
 ---> System.IO.IOException: Unable to read data from the transport connection: The I/O operation has been aborted because of either a thread exit or an application request..
 ---> System.Net.Sockets.SocketException (995): The I/O operation has been aborted because of either a thread exit or an application request.
   --- End of inner exception stack trace ---
   at System.Net.Sockets.Socket.AwaitableSocketAsyncEventArgs.ThrowException(SocketError error, CancellationToken cancellationToken)
   at System.Net.Sockets.Socket.AwaitableSocketAsyncEventArgs.System.Threading.Tasks.Sources.IValueTaskSource<System.Int32>.GetResult(Int16 token)
   at System.Net.Security.SslStream.EnsureFullTlsFrameAsync[TIOAdapter](CancellationToken cancellationToken, Int32 estimatedSize)
   at System.Runtime.CompilerServices.PoolingAsyncValueTaskMethodBuilder`1.StateMachineBox`1.System.Threading.Tasks.Sources.IValueTaskSource<TResult>.GetResult(Int16 token)
   at System.Net.Security.SslStream.ReadAsyncInternal[TIOAdapter](Memory`1 buffer, CancellationToken cancellationToken)
   at System.Runtime.CompilerServices.PoolingAsyncValueTaskMethodBuilder`1.StateMachineBox`1.System.Threading.Tasks.Sources.IValueTaskSource<TResult>.GetResult(Int16 token)
   at System.Net.Http.HttpConnection.SendAsync(HttpRequestMessage request, Boolean async, CancellationToken cancellationToken)
   --- End of inner exception stack trace ---
   at System.Net.Http.HttpConnection.SendAsync(HttpRequestMessage request, Boolean async, CancellationToken cancellationToken)
   at System.Net.Http.AuthenticationHelper.SendWithNtAuthAsync(HttpRequestMessage request, Uri authUri, Boolean async, ICredentials credentials, Boolean isProxyAuth, HttpConnection connection, HttpConnectionPool connectionPool, CancellationToken cancellationToken)
   at System.Net.Http.HttpConnectionPool.SendWithVersionDetectionAndRetryAsync(HttpRequestMessage request, Boolean async, Boolean doRequestAuth, CancellationToken cancellationToken)
   at System.Net.Http.AuthenticationHelper.SendWithAuthAsync(HttpRequestMessage request, Uri authUri, Boolean async, ICredentials credentials, Boolean preAuthenticate, Boolean isProxyAuth, Boolean doRequestAuth, HttpConnectionPool pool, CancellationToken cancellationToken)
   at System.Net.Http.RedirectHandler.SendAsync(HttpRequestMessage request, Boolean async, CancellationToken cancellationToken)
   at GitHub.Services.Common.RawHttpMessageHandler.SendAsync(HttpRequestMessage request, CancellationToken cancellationToken)
   at GitHub.Services.Common.VssHttpRetryMessageHandler.SendAsync(HttpRequestMessage request, CancellationToken cancellationToken)
   at System.Net.Http.HttpClient.<SendAsync>g__Core|83_0(HttpRequestMessage request, HttpCompletionOption completionOption, CancellationTokenSource cts, Boolean disposeCts, CancellationTokenSource pendingRequestsCts, CancellationToken originalCancellationToken)
   --- End of inner exception stack trace ---
   at System.Net.Http.HttpClient.HandleFailure(Exception e, Boolean telemetryStarted, HttpResponseMessage response, CancellationTokenSource cts, CancellationToken cancellationToken, CancellationTokenSource pendingRequestsCts)
   at System.Net.Http.HttpClient.<SendAsync>g__Core|83_0(HttpRequestMessage request, HttpCompletionOption completionOption, CancellationTokenSource cts, Boolean disposeCts, CancellationTokenSource pendingRequestsCts, CancellationToken originalCancellationToken)
   at Sdk.WebApi.WebApi.RawHttpClientBase.SendAsync(HttpRequestMessage message, HttpCompletionOption completionOption, Object userState, CancellationToken cancellationToken)
   at Sdk.WebApi.WebApi.RawHttpClientBase.SendAsync[T](HttpRequestMessage message, Boolean readErrorBody, Object userState, CancellationToken cancellationToken)
   at Sdk.WebApi.WebApi.RawHttpClientBase.SendAsync[T](HttpMethod method, IEnumerable`1 additionalHeaders, Uri requestUri, HttpContent content, IEnumerable`1 queryParameters, Boolean readErrorBody, Object userState, CancellationToken cancellationToken)
   at GitHub.Actions.RunService.WebApi.BrokerHttpClient.GetRunnerMessageAsync(Nullable`1 sessionId, String runnerVersion, Nullable`1 status, String os, String architecture, Nullable`1 disableUpdate, CancellationToken cancellationToken)
   at GitHub.Runner.Common.BrokerServer.<>c__DisplayClass7_0.<<GetRunnerMessageAsync>b__0>d.MoveNext()
--- End of stack trace from previous location ---
   at GitHub.Runner.Common.RunnerService.RetryRequest[T](Func`1 func, CancellationToken cancellationToken, Int32 maxAttempts, Func`2 shouldRetry)
[2026-04-10 11:27:17Z ERR  BrokerServer] #####################################################
[2026-04-10 11:27:17Z ERR  BrokerServer] System.Threading.Tasks.TaskCanceledException: The operation was canceled.
 ---> System.IO.IOException: Unable to read data from the transport connection: The I/O operation has been aborted because of either a thread exit or an application request..
 ---> System.Net.Sockets.SocketException (995): The I/O operation has been aborted because of either a thread exit or an application request.
   --- End of inner exception stack trace ---
   at System.Net.Sockets.Socket.AwaitableSocketAsyncEventArgs.ThrowException(SocketError error, CancellationToken cancellationToken)
   at System.Net.Sockets.Socket.AwaitableSocketAsyncEventArgs.System.Threading.Tasks.Sources.IValueTaskSource<System.Int32>.GetResult(Int16 token)
   at System.Net.Security.SslStream.EnsureFullTlsFrameAsync[TIOAdapter](CancellationToken cancellationToken, Int32 estimatedSize)
   at System.Runtime.CompilerServices.PoolingAsyncValueTaskMethodBuilder`1.StateMachineBox`1.System.Threading.Tasks.Sources.IValueTaskSource<TResult>.GetResult(Int16 token)
   at System.Net.Security.SslStream.ReadAsyncInternal[TIOAdapter](Memory`1 buffer, CancellationToken cancellationToken)
   at System.Runtime.CompilerServices.PoolingAsyncValueTaskMethodBuilder`1.StateMachineBox`1.System.Threading.Tasks.Sources.IValueTaskSource<TResult>.GetResult(Int16 token)
   at System.Net.Http.HttpConnection.SendAsync(HttpRequestMessage request, Boolean async, CancellationToken cancellationToken)
   --- End of inner exception stack trace ---
   at System.Net.Http.HttpConnection.SendAsync(HttpRequestMessage request, Boolean async, CancellationToken cancellationToken)
   at System.Net.Http.AuthenticationHelper.SendWithNtAuthAsync(HttpRequestMessage request, Uri authUri, Boolean async, ICredentials credentials, Boolean isProxyAuth, HttpConnection connection, HttpConnectionPool connectionPool, CancellationToken cancellationToken)
   at System.Net.Http.HttpConnectionPool.SendWithVersionDetectionAndRetryAsync(HttpRequestMessage request, Boolean async, Boolean doRequestAuth, CancellationToken cancellationToken)
   at System.Net.Http.AuthenticationHelper.SendWithAuthAsync(HttpRequestMessage request, Uri authUri, Boolean async, ICredentials credentials, Boolean preAuthenticate, Boolean isProxyAuth, Boolean doRequestAuth, HttpConnectionPool pool, CancellationToken cancellationToken)
   at System.Net.Http.RedirectHandler.SendAsync(HttpRequestMessage request, Boolean async, CancellationToken cancellationToken)
   at GitHub.Services.Common.RawHttpMessageHandler.SendAsync(HttpRequestMessage request, CancellationToken cancellationToken)
   at GitHub.Services.Common.VssHttpRetryMessageHandler.SendAsync(HttpRequestMessage request, CancellationToken cancellationToken)
   at System.Net.Http.HttpClient.<SendAsync>g__Core|83_0(HttpRequestMessage request, HttpCompletionOption completionOption, CancellationTokenSource cts, Boolean disposeCts, CancellationTokenSource pendingRequestsCts, CancellationToken originalCancellationToken)
[2026-04-10 11:27:17Z ERR  BrokerServer] #####################################################
[2026-04-10 11:27:17Z ERR  BrokerServer] System.IO.IOException: Unable to read data from the transport connection: The I/O operation has been aborted because of either a thread exit or an application request..
 ---> System.Net.Sockets.SocketException (995): The I/O operation has been aborted because of either a thread exit or an application request.
   --- End of inner exception stack trace ---
   at System.Net.Sockets.Socket.AwaitableSocketAsyncEventArgs.ThrowException(SocketError error, CancellationToken cancellationToken)
   at System.Net.Sockets.Socket.AwaitableSocketAsyncEventArgs.System.Threading.Tasks.Sources.IValueTaskSource<System.Int32>.GetResult(Int16 token)
   at System.Net.Security.SslStream.EnsureFullTlsFrameAsync[TIOAdapter](CancellationToken cancellationToken, Int32 estimatedSize)
   at System.Runtime.CompilerServices.PoolingAsyncValueTaskMethodBuilder`1.StateMachineBox`1.System.Threading.Tasks.Sources.IValueTaskSource<TResult>.GetResult(Int16 token)
   at System.Net.Security.SslStream.ReadAsyncInternal[TIOAdapter](Memory`1 buffer, CancellationToken cancellationToken)
   at System.Runtime.CompilerServices.PoolingAsyncValueTaskMethodBuilder`1.StateMachineBox`1.System.Threading.Tasks.Sources.IValueTaskSource<TResult>.GetResult(Int16 token)
   at System.Net.Http.HttpConnection.SendAsync(HttpRequestMessage request, Boolean async, CancellationToken cancellationToken)
[2026-04-10 11:27:17Z ERR  BrokerServer] #####################################################
[2026-04-10 11:27:17Z ERR  BrokerServer] System.Net.Sockets.SocketException (995): The I/O operation has been aborted because of either a thread exit or an application request.
[2026-04-10 11:27:17Z WARN BrokerServer] Back off 12.953 seconds before next retry. 4 attempt left.
[2026-04-10 11:27:17Z INFO BrokerMessageListener] Get next message has been cancelled.
[2026-04-10 11:27:17Z INFO JobDispatcher] Shutting down JobDispatcher. Make sure all WorkerDispatcher has finished.
[2026-04-10 11:27:17Z INFO JobDispatcher] Ensure WorkerDispatcher for job f41f17c7-2cf9-571c-a413-5cc7e0895461 run to finish, cancel any running job.
[2026-04-10 11:27:17Z INFO JobDispatcher] Send job cancellation message to worker for job f41f17c7-2cf9-571c-a413-5cc7e0895461.
[2026-04-10 11:27:17Z INFO ProcessChannel] Sending message of length 0, with hash 'e3b0c44298fc1c149afbf4c8996fb92427ae41e4649b934ca495991b7852b855'
[2026-04-10 11:27:24Z INFO Terminal] WRITE LINE: Exiting...
[2026-04-10 11:27:24Z INFO ConfigurationStore] IsServiceConfigured()
[2026-04-10 11:27:24Z INFO ConfigurationStore] IsServiceConfigured: False
[2026-04-10 11:27:24Z INFO HostContext] Runner will be shutdown for UserCancelled
[2026-04-10 11:27:26Z INFO ProcessInvokerWrapper] STDOUT/STDERR stream read finished.
[2026-04-10 11:27:26Z INFO ProcessInvokerWrapper] STDOUT/STDERR stream read finished.
[2026-04-10 11:27:26Z INFO ProcessInvokerWrapper] Finished process 17304 with exit code 102, and elapsed time 00:11:29.1088509.
[2026-04-10 11:27:26Z INFO JobDispatcher] finish job request for job f41f17c7-2cf9-571c-a413-5cc7e0895461 with result: Canceled
[2026-04-10 11:27:26Z INFO Terminal] WRITE LINE: 2026-04-10 11:27:26Z: Job Deploy to Minikube completed with result: Canceled
[2026-04-10 11:27:26Z INFO JobDispatcher] Stop renew job request for job f41f17c7-2cf9-571c-a413-5cc7e0895461.
[2026-04-10 11:27:26Z INFO JobDispatcher] job renew has been cancelled, stop renew job f41f17c7-2cf9-571c-a413-5cc7e0895461.
[2026-04-10 11:27:26Z INFO JobNotification] Entering JobCompleted Notification
[2026-04-10 11:27:26Z INFO JobNotification] Entering EndMonitor
[2026-04-10 11:27:26Z INFO Runner] Deleting Runner Session...
[2026-04-10 11:27:28Z INFO Listener] Runner execution been cancelled.
