[2026-04-20 05:22:35Z INFO HostContext] No proxy settings were found based on environmental variables (http_proxy/https_proxy/HTTP_PROXY/HTTPS_PROXY)
[2026-04-20 05:22:35Z INFO HostContext] Well known directory 'Bin': 'D:\GithubActions\actions-runner\bin'
[2026-04-20 05:22:35Z INFO HostContext] Well known directory 'Root': 'D:\GithubActions\actions-runner'
[2026-04-20 05:22:35Z INFO HostContext] Well known config file 'Credentials': 'D:\GithubActions\actions-runner\.credentials'
[2026-04-20 05:22:36Z INFO HostContext] Well known directory 'Bin': 'D:\GithubActions\actions-runner\bin'
[2026-04-20 05:22:36Z INFO HostContext] Well known directory 'Root': 'D:\GithubActions\actions-runner'
[2026-04-20 05:22:36Z INFO HostContext] Well known config file 'Runner': 'D:\GithubActions\actions-runner\.runner'
[2026-04-20 05:22:36Z INFO Worker] Version: 2.333.1
[2026-04-20 05:22:36Z INFO Worker] Commit: 6792966801e8925346735b68c03bf9f347af4646
[2026-04-20 05:22:36Z INFO Worker] Culture: en-US
[2026-04-20 05:22:36Z INFO Worker] UI Culture: en-US
[2026-04-20 05:22:36Z INFO Worker] Waiting to receive the job message from the channel.
[2026-04-20 05:22:36Z INFO ProcessChannel] Receiving message of length 23884, with hash '321bca98e2627a76e15b69018e685451153bf0e0ac357306edd04359a666f281'
[2026-04-20 05:22:36Z INFO Worker] Message received.
[2026-04-20 05:22:37Z INFO Worker] Job message:
 {
  "fileTable": [
    ".github/workflows/ci-cd.yml"
  ],
  "mask": [
    {
      "type": "regex",
      "value": "***"
    },
    {
      "type": "regex",
      "value": "***"
    },
    {
      "type": "regex",
      "value": "***"
    },
    {
      "type": "regex",
      "value": "***"
    },
    {
      "type": "regex",
      "value": "***"
    },
    {
      "type": "regex",
      "value": "***"
    },
    {
      "type": "regex",
      "value": "***"
    },
    {
      "type": "regex",
      "value": "***"
    },
    {
      "type": "regex",
      "value": "***"
    },
    {
      "type": "regex",
      "value": "***"
    },
    {
      "type": "regex",
      "value": "***"
    },
    {
      "type": "regex",
      "value": "***"
    },
    {
      "type": "regex",
      "value": "***"
    },
    {
      "type": "regex",
      "value": "***"
    },
    {
      "type": "regex",
      "value": "***"
    },
    {
      "type": "regex",
      "value": "***"
    },
    {
      "type": "regex",
      "value": "***"
    },
    {
      "type": "regex",
      "value": "***"
    }
  ],
  "steps": [
    {
      "type": "action",
      "reference": {
        "type": "repository",
        "name": "actions/checkout",
        "ref": "v4",
        "repositoryType": "GitHub"
      },
      "displayNameToken": {
        "type": 0,
        "file": 1,
        "line": 66,
        "col": 15,
        "lit": "Checkout repository"
      },
      "contextName": "__actions_checkout",
      "condition": "success()",
      "id": "2b93ff13-e5e0-47f5-b128-1289ac3b216a",
      "name": "__actions_checkout"
    },
    {
      "type": "action",
      "reference": {
        "type": "script"
      },
      "displayNameToken": {
        "type": 0,
        "file": 1,
        "line": 69,
        "col": 15,
        "lit": "Verify Minikube is running"
      },
      "contextName": "__run",
      "inputs": {
        "type": 2,
        "map": [
          {
            "key": "script",
            "value": {
              "type": 0,
              "file": 1,
              "line": 70,
              "col": 14,
              "lit": "minikube status"
            }
          }
        ]
      },
      "condition": "success()",
      "id": "ef0042cf-0911-4505-8100-d84effc056d3",
      "name": "__run"
    },
    {
      "type": "action",
      "reference": {
        "type": "script"
      },
      "displayNameToken": {
        "type": 0,
        "file": 1,
        "line": 72,
        "col": 15,
        "lit": "Set kubectl context to Minikube"
      },
      "contextName": "__run_2",
      "inputs": {
        "type": 2,
        "map": [
          {
            "key": "script",
            "value": {
              "type": 0,
              "file": 1,
              "line": 73,
              "col": 14,
              "lit": "kubectl config use-context minikube"
            }
          }
        ]
      },
      "condition": "success()",
      "id": "41d00872-ec34-4f82-940a-18a8269906c1",
      "name": "__run_2"
    },
    {
      "type": "action",
      "reference": {
        "type": "script"
      },
      "displayNameToken": {
        "type": 0,
        "file": 1,
        "line": 75,
        "col": 15,
        "lit": "Deploy to Minikube"
      },
      "contextName": "__run_3",
      "inputs": {
        "type": 2,
        "map": [
          {
            "key": "script",
            "value": {
              "type": 0,
              "file": 1,
              "line": 76,
              "col": 14,
              "lit": "kubectl apply -f k8s/"
            }
          }
        ]
      },
      "condition": "success()",
      "id": "3ff804b5-bae6-4ec4-a27a-90e3251b3013",
      "name": "__run_3"
    },
    {
      "type": "action",
      "reference": {
        "type": "script"
      },
      "displayNameToken": {
        "type": 0,
        "file": 1,
        "line": 78,
        "col": 15,
        "lit": "Update image to latest"
      },
      "contextName": "__run_4",
      "inputs": {
        "type": 2,
        "map": [
          {
            "key": "script",
            "value": {
              "type": 3,
              "file": 1,
              "line": 79,
              "col": 14,
              "expr": "format('kubectl set image deployment/python-devops-app `\n  python-devops-app={0}/python-devops-app:latest\n', secrets.DOCKER_USERNAME)"
            }
          }
        ]
      },
      "condition": "success()",
      "id": "cbb10201-da20-4221-9228-c78f2679cf49",
      "name": "__run_4"
    },
    {
      "type": "action",
      "reference": {
        "type": "script"
      },
      "displayNameToken": {
        "type": 0,
        "file": 1,
        "line": 83,
        "col": 15,
        "lit": "Wait for rollout to complete"
      },
      "contextName": "__run_5",
      "inputs": {
        "type": 2,
        "map": [
          {
            "key": "script",
            "value": {
              "type": 0,
              "file": 1,
              "line": 84,
              "col": 14,
              "lit": "kubectl rollout status deployment/python-devops-app --timeout=120s"
            }
          }
        ]
      },
      "condition": "success()",
      "id": "e342ec27-db4c-433d-a5ae-ed6a21496a71",
      "name": "__run_5"
    },
    {
      "type": "action",
      "reference": {
        "type": "script"
      },
      "displayNameToken": {
        "type": 0,
        "file": 1,
        "line": 86,
        "col": 15,
        "lit": "Show running pods"
      },
      "contextName": "__run_6",
      "inputs": {
        "type": 2,
        "map": [
          {
            "key": "script",
            "value": {
              "type": 0,
              "file": 1,
              "line": 87,
              "col": 14,
              "lit": "kubectl get pods"
            }
          }
        ]
      },
      "condition": "success()",
      "id": "a6393c24-e34c-4a4e-ba94-2263fc7518c4",
      "name": "__run_6"
    },
    {
      "type": "action",
      "reference": {
        "type": "script"
      },
      "displayNameToken": {
        "type": 0,
        "file": 1,
        "line": 89,
        "col": 15,
        "lit": "Show service URL"
      },
      "contextName": "__run_7",
      "inputs": {
        "type": 2,
        "map": [
          {
            "key": "script",
            "value": {
              "type": 0,
              "file": 1,
              "line": 90,
              "col": 14,
              "lit": "minikube service python-service --url"
            }
          }
        ]
      },
      "condition": "success()",
      "id": "b059b16c-1fec-4ff1-95ec-afba0923ce9f",
      "name": "__run_7"
    }
  ],
  "variables": {
    "Actions.EnableHttpRedirects": {
      "value": "true"
    },
    "DOCKER_USERNAME": {
      "value": "***",
      "isSecret": true
    },
    "DistributedTask.AddWarningToNode12Action": {
      "value": "true"
    },
    "DistributedTask.AddWarningToNode16Action": {
      "value": "true"
    },
    "DistributedTask.AllowRunnerContainerHooks": {
      "value": "true"
    },
    "DistributedTask.DeprecateStepOutputCommands": {
      "value": "true"
    },
    "DistributedTask.DetailUntarFailure": {
      "value": "true"
    },
    "DistributedTask.EnableCompositeActions": {
      "value": "true"
    },
    "DistributedTask.EnableJobServerQueueTelemetry": {
      "value": "true"
    },
    "DistributedTask.EnhancedAnnotations": {
      "value": "true"
    },
    "DistributedTask.ForceGithubJavascriptActionsToNode16": {
      "value": "true"
    },
    "DistributedTask.ForceGithubJavascriptActionsToNode20": {
      "value": "true"
    },
    "DistributedTask.LogTemplateErrorsAsDebugMessages": {
      "value": "true"
    },
    "DistributedTask.MarkJobAsFailedOnWorkerCrash": {
      "value": "true"
    },
    "DistributedTask.NewActionMetadata": {
      "value": "true"
    },
    "DistributedTask.UploadStepSummary": {
      "value": "true"
    },
    "DistributedTask.UseActionArchiveCache": {
      "value": "true"
    },
    "DistributedTask.UseWhich2": {
      "value": "true"
    },
    "RunService.FixEmbeddedIssues": {
      "value": "true"
    },
    "actions.runner.requirenode24": {
      "value": "false"
    },
    "actions.runner.usenode24bydefault": {
      "value": "false"
    },
    "actions.runner.warnonnode20": {
      "value": "true"
    },
    "actions_add_check_run_id_to_job_context": {
      "value": "true"
    },
    "actions_batch_action_resolution": {
      "value": "false"
    },
    "actions_container_action_runner_temp": {
      "value": "true"
    },
    "actions_display_helpful_actions_download_errors": {
      "value": "true"
    },
    "actions_runner_compare_workflow_parser": {
      "value": "false"
    },
    "actions_runner_deprecate_linux_arm32": {
      "value": "false"
    },
    "actions_runner_emit_composite_markers": {
      "value": "false"
    },
    "actions_runner_kill_linux_arm32": {
      "value": "false"
    },
    "actions_runner_node20_removal_date": {
      "value": ""
    },
    "actions_runner_node24_default_date": {
      "value": ""
    },
    "actions_service_container_command": {
      "value": "true"
    },
    "actions_set_orchestration_id_env_for_actions": {
      "value": "true"
    },
    "actions_skip_retry_complete_job_upon_known_errors": {
      "value": "true"
    },
    "actions_snapshot_preflight_hosted_runner_check": {
      "value": "false"
    },
    "actions_snapshot_preflight_image_gen_pool_check": {
      "value": "false"
    },
    "actions_use_bearer_token_for_codeload": {
      "value": "false"
    },
    "actions_uses_cache_service_v2": {
      "value": "true"
    },
    "github_token": {
      "value": "***",
      "isSecret": true
    },
    "system.from_run_service": {
      "value": "true"
    },
    "system.github.job": {
      "value": "deploy"
    },
    "system.github.launch_endpoint": {
      "value": "https://launch.actions.githubusercontent.com"
    },
    "system.github.results_endpoint": {
      "value": "https://results-receiver.actions.githubusercontent.com/"
    },
    "system.github.results_upload_with_sdk": {
      "value": "true"
    },
    "system.github.token": {
      "value": "***",
      "isSecret": true
    },
    "system.github.token.permissions": {
      "value": "{\"Contents\":\"read\",\"Metadata\":\"read\",\"Packages\":\"read\"}"
    },
    "system.orchestrationId": {
      "value": "8aa84768-4f93-415a-8550-e8ec0140e4b4.deploy.__default"
    },
    "system.phaseDisplayName": {
      "value": "Deploy to Minikube"
    },
    "system.runner.lowdiskspacethreshold": {
      "value": "100"
    },
    "system.runnerEnvironment": {
      "value": "self-hosted"
    },
    "system.runnerGroupName": {
      "value": "Default"
    }
  },
  "messageType": "RunnerJobRequest",
  "plan": {
    "scopeIdentifier": "00000000-0000-0000-0000-000000000000",
    "planType": "actions",
    "version": 0,
    "planId": "8aa84768-4f93-415a-8550-e8ec0140e4b4",
    "planGroup": null,
    "artifactUri": null,
    "artifactLocation": null,
    "definition": null,
    "owner": null
  },
  "timeline": {
    "id": "8aa84768-4f93-415a-8550-e8ec0140e4b4",
    "changeId": 0,
    "location": null
  },
  "jobId": "6a01aaff-2245-5439-8ce3-16f84be0cfb2",
  "jobDisplayName": "Deploy to Minikube",
  "jobName": "__default",
  "requestId": 0,
  "lockedUntil": "0001-01-01T00:00:00",
  "resources": {
    "endpoints": [
      {
        "data": {
          "ServerId": "",
          "ServerName": "",
          "CacheServerUrl": "https://artifactcache.actions.githubusercontent.com/9OqaY3LhdrZRMmO9msXyUgWOJkKqQHqqGNxve4fHzqDI5vzFc5/",
          "FeedStreamUrl": "wss://results-receiver.actions.githubusercontent.com/_ws/ingest.sock",
          "ResultsServiceUrl": "https://results-receiver.actions.githubusercontent.com/",
          "PipelinesServiceUrl": "https://pipelinesghubeus21.actions.githubusercontent.com/9OqaY3LhdrZRMmO9msXyUgWOJkKqQHqqGNxve4fHzqDI5vzFc5/",
          "GenerateIdTokenUrl": "",
          "ConnectivityChecks": "[\"https://broker.actions.githubusercontent.com/health\",\"https://token.actions.githubusercontent.com/ready\",\"https://run.actions.githubusercontent.com/health\"]"
        },
        "name": "SystemVssConnection",
        "url": "https://run-actions-2-azure-eastus.actions.githubusercontent.com/61/",
        "authorization": {
          "parameters": {
            "AccessToken": "***"
          },
          "scheme": "OAuth"
        },
        "isShared": false,
        "isReady": true
      }
    ]
  },
  "contextData": {
    "github": {
      "t": 2,
      "d": [
        {
          "k": "ref",
          "v": "refs/heads/main"
        },
        {
          "k": "sha",
          "v": "0e4e84661904d5d4d613602e185a7bd4f19d19f9"
        },
        {
          "k": "repository",
          "v": "PravalikaBathini/python-devops-project"
        },
        {
          "k": "repository_owner",
          "v": "PravalikaBathini"
        },
        {
          "k": "repository_owner_id",
          "v": "117788749"
        },
        {
          "k": "repositoryUrl",
          "v": "git://github.com/PravalikaBathini/python-devops-project.git"
        },
        {
          "k": "run_id",
          "v": "24237994465"
        },
        {
          "k": "run_number",
          "v": "3"
        },
        {
          "k": "retention_days",
          "v": "90"
        },
        {
          "k": "run_attempt",
          "v": "7"
        },
        {
          "k": "artifact_cache_size_limit",
          "v": "10"
        },
        {
          "k": "repository_visibility",
          "v": "public"
        },
        {
          "k": "actor_id",
          "v": "117788749"
        },
        {
          "k": "actor",
          "v": "PravalikaBathini"
        },
        {
          "k": "workflow",
          "v": "CI/CD Pipeline — Python DevOps App"
        },
        {
          "k": "head_ref",
          "v": ""
        },
        {
          "k": "base_ref",
          "v": ""
        },
        {
          "k": "event_name",
          "v": "push"
        },
        {
          "k": "server_url",
          "v": "https://github.com"
        },
        {
          "k": "api_url",
          "v": "https://api.github.com"
        },
        {
          "k": "graphql_url",
          "v": "https://api.github.com/graphql"
        },
        {
          "k": "ref_name",
          "v": "main"
        },
        {
          "k": "ref_protected",
          "v": false
        },
        {
          "k": "ref_type",
          "v": "branch"
        },
        {
          "k": "secret_source",
          "v": "Actions"
        },
        {
          "k": "event",
          "v": {
            "t": 2,
            "d": [
              {
                "k": "after",
                "v": "0e4e84661904d5d4d613602e185a7bd4f19d19f9"
              },
              {
                "k": "base_ref",
                "v": null
              },
              {
                "k": "before",
                "v": "71175b5eb233f708f948d204a7542797c0228495"
              },
              {
                "k": "commits",
                "v": {
                  "t": 1,
                  "a": [
                    {
                      "t": 2,
                      "d": [
                        {
                          "k": "author",
                          "v": {
                            "t": 2,
                            "d": [
                              {
                                "k": "email",
                                "v": "pravalika2167@gmail.com"
                              },
                              {
                                "k": "name",
                                "v": "pravalika"
                              },
                              {
                                "k": "username",
                                "v": "PravalikaBathini"
                              }
                            ]
                          }
                        },
                        {
                          "k": "committer",
                          "v": {
                            "t": 2,
                            "d": [
                              {
                                "k": "email",
                                "v": "pravalika2167@gmail.com"
                              },
                              {
                                "k": "name",
                                "v": "pravalika"
                              },
                              {
                                "k": "username",
                                "v": "PravalikaBathini"
                              }
                            ]
                          }
                        },
                        {
                          "k": "distinct",
                          "v": true
                        },
                        {
                          "k": "id",
                          "v": "0e4e84661904d5d4d613602e185a7bd4f19d19f9"
                        },
                        {
                          "k": "message",
                          "v": "feat: add self-hosted runner deploy job to Minikube"
                        },
                        {
                          "k": "timestamp",
                          "v": "2026-04-10T15:40:55+05:30"
                        },
                        {
                          "k": "tree_id",
                          "v": "45ae9e2c4d75b7af09d4e0eb77201e3188251fc0"
                        },
                        {
                          "k": "url",
                          "v": "https://github.com/PravalikaBathini/python-devops-project/commit/0e4e84661904d5d4d613602e185a7bd4f19d19f9"
                        }
                      ]
                    }
                  ]
                }
              },
              {
                "k": "compare",
                "v": "https://github.com/PravalikaBathini/python-devops-project/compare/71175b5eb233...0e4e84661904"
              },
              {
                "k": "created",
                "v": false
              },
              {
                "k": "deleted",
                "v": false
              },
              {
                "k": "forced",
                "v": false
              },
              {
                "k": "head_commit",
                "v": {
                  "t": 2,
                  "d": [
                    {
                      "k": "author",
                      "v": {
                        "t": 2,
                        "d": [
                          {
                            "k": "email",
                            "v": "pravalika2167@gmail.com"
                          },
                          {
                            "k": "name",
                            "v": "pravalika"
                          },
                          {
                            "k": "username",
                            "v": "PravalikaBathini"
                          }
                        ]
                      }
                    },
                    {
                      "k": "committer",
                      "v": {
                        "t": 2,
                        "d": [
                          {
                            "k": "email",
                            "v": "pravalika2167@gmail.com"
                          },
                          {
                            "k": "name",
                            "v": "pravalika"
                          },
                          {
                            "k": "username",
                            "v": "PravalikaBathini"
                          }
                        ]
                      }
                    },
                    {
                      "k": "distinct",
                      "v": true
                    },
                    {
                      "k": "id",
                      "v": "0e4e84661904d5d4d613602e185a7bd4f19d19f9"
                    },
                    {
                      "k": "message",
                      "v": "feat: add self-hosted runner deploy job to Minikube"
                    },
                    {
                      "k": "timestamp",
                      "v": "2026-04-10T15:40:55+05:30"
                    },
                    {
                      "k": "tree_id",
                      "v": "45ae9e2c4d75b7af09d4e0eb77201e3188251fc0"
                    },
                    {
                      "k": "url",
                      "v": "https://github.com/PravalikaBathini/python-devops-project/commit/0e4e84661904d5d4d613602e185a7bd4f19d19f9"
                    }
                  ]
                }
              },
              {
                "k": "pusher",
                "v": {
                  "t": 2,
                  "d": [
                    {
                      "k": "email",
                      "v": "117788749+PravalikaBathini@users.noreply.github.com"
                    },
                    {
                      "k": "name",
                      "v": "PravalikaBathini"
                    }
                  ]
                }
              },
              {
                "k": "ref",
                "v": "refs/heads/main"
              },
              {
                "k": "repository",
                "v": {
                  "t": 2,
                  "d": [
                    {
                      "k": "allow_forking",
                      "v": true
                    },
                    {
                      "k": "archive_url",
                      "v": "https://api.github.com/repos/PravalikaBathini/python-devops-project/{archive_format}{/ref}"
                    },
                    {
                      "k": "archived",
                      "v": false
                    },
                    {
                      "k": "assignees_url",
                      "v": "https://api.github.com/repos/PravalikaBathini/python-devops-project/assignees{/user}"
                    },
                    {
                      "k": "blobs_url",
                      "v": "https://api.github.com/repos/PravalikaBathini/python-devops-project/git/blobs{/sha}"
                    },
                    {
                      "k": "branches_url",
                      "v": "https://api.github.com/repos/PravalikaBathini/python-devops-project/branches{/branch}"
                    },
                    {
                      "k": "clone_url",
                      "v": "https://github.com/PravalikaBathini/python-devops-project.git"
                    },
                    {
                      "k": "collaborators_url",
                      "v": "https://api.github.com/repos/PravalikaBathini/python-devops-project/collaborators{/collaborator}"
                    },
                    {
                      "k": "comments_url",
                      "v": "https://api.github.com/repos/PravalikaBathini/python-devops-project/comments{/number}"
                    },
                    {
                      "k": "commits_url",
                      "v": "https://api.github.com/repos/PravalikaBathini/python-devops-project/commits{/sha}"
                    },
                    {
                      "k": "compare_url",
                      "v": "https://api.github.com/repos/PravalikaBathini/python-devops-project/compare/{base}...{head}"
                    },
                    {
                      "k": "contents_url",
                      "v": "https://api.github.com/repos/PravalikaBathini/python-devops-project/contents/{+path}"
                    },
                    {
                      "k": "contributors_url",
                      "v": "https://api.github.com/repos/PravalikaBathini/python-devops-project/contributors"
                    },
                    {
                      "k": "created_at",
                      "v": 1775719192.0
                    },
                    {
                      "k": "default_branch",
                      "v": "main"
                    },
                    {
                      "k": "deployments_url",
                      "v": "https://api.github.com/repos/PravalikaBathini/python-devops-project/deployments"
                    },
                    {
                      "k": "description",
                      "v": null
                    },
                    {
                      "k": "disabled",
                      "v": false
                    },
                    {
                      "k": "downloads_url",
                      "v": "https://api.github.com/repos/PravalikaBathini/python-devops-project/downloads"
                    },
                    {
                      "k": "events_url",
                      "v": "https://api.github.com/repos/PravalikaBathini/python-devops-project/events"
                    },
                    {
                      "k": "fork",
                      "v": false
                    },
                    {
                      "k": "forks",
                      "v": 0.0
                    },
                    {
                      "k": "forks_count",
                      "v": 0.0
                    },
                    {
                      "k": "forks_url",
                      "v": "https://api.github.com/repos/PravalikaBathini/python-devops-project/forks"
                    },
                    {
                      "k": "full_name",
                      "v": "PravalikaBathini/python-devops-project"
                    },
                    {
                      "k": "git_commits_url",
                      "v": "https://api.github.com/repos/PravalikaBathini/python-devops-project/git/commits{/sha}"
                    },
                    {
                      "k": "git_refs_url",
                      "v": "https://api.github.com/repos/PravalikaBathini/python-devops-project/git/refs{/sha}"
                    },
                    {
                      "k": "git_tags_url",
                      "v": "https://api.github.com/repos/PravalikaBathini/python-devops-project/git/tags{/sha}"
                    },
                    {
                      "k": "git_url",
                      "v": "git://github.com/PravalikaBathini/python-devops-project.git"
                    },
                    {
                      "k": "has_discussions",
                      "v": false
                    },
                    {
                      "k": "has_downloads",
                      "v": true
                    },
                    {
                      "k": "has_issues",
                      "v": true
                    },
                    {
                      "k": "has_pages",
                      "v": false
                    },
                    {
                      "k": "has_projects",
                      "v": true
                    },
                    {
                      "k": "has_pull_requests",
                      "v": true
                    },
                    {
                      "k": "has_wiki",
                      "v": true
                    },
                    {
                      "k": "homepage",
                      "v": null
                    },
                    {
                      "k": "hooks_url",
                      "v": "https://api.github.com/repos/PravalikaBathini/python-devops-project/hooks"
                    },
                    {
                      "k": "html_url",
                      "v": "https://github.com/PravalikaBathini/python-devops-project"
                    },
                    {
                      "k": "id",
                      "v": 1205676945.0
                    },
                    {
                      "k": "is_template",
                      "v": false
                    },
                    {
                      "k": "issue_comment_url",
                      "v": "https://api.github.com/repos/PravalikaBathini/python-devops-project/issues/comments{/number}"
                    },
                    {
                      "k": "issue_events_url",
                      "v": "https://api.github.com/repos/PravalikaBathini/python-devops-project/issues/events{/number}"
                    },
                    {
                      "k": "issues_url",
                      "v": "https://api.github.com/repos/PravalikaBathini/python-devops-project/issues{/number}"
                    },
                    {
                      "k": "keys_url",
                      "v": "https://api.github.com/repos/PravalikaBathini/python-devops-project/keys{/key_id}"
                    },
                    {
                      "k": "labels_url",
                      "v": "https://api.github.com/repos/PravalikaBathini/python-devops-project/labels{/name}"
                    },
                    {
                      "k": "language",
                      "v": "Python"
                    },
                    {
                      "k": "languages_url",
                      "v": "https://api.github.com/repos/PravalikaBathini/python-devops-project/languages"
                    },
                    {
                      "k": "license",
                      "v": null
                    },
                    {
                      "k": "master_branch",
                      "v": "main"
                    },
                    {
                      "k": "merges_url",
                      "v": "https://api.github.com/repos/PravalikaBathini/python-devops-project/merges"
                    },
                    {
                      "k": "milestones_url",
                      "v": "https://api.github.com/repos/PravalikaBathini/python-devops-project/milestones{/number}"
                    },
                    {
                      "k": "mirror_url",
                      "v": null
                    },
                    {
                      "k": "name",
                      "v": "python-devops-project"
                    },
                    {
                      "k": "node_id",
                      "v": "R_kgDOR90rkQ"
                    },
                    {
                      "k": "notifications_url",
                      "v": "https://api.github.com/repos/PravalikaBathini/python-devops-project/notifications{?since,all,participating}"
                    },
                    {
                      "k": "open_issues",
                      "v": 0.0
                    },
                    {
                      "k": "open_issues_count",
                      "v": 0.0
                    },
                    {
                      "k": "owner",
                      "v": {
                        "t": 2,
                        "d": [
                          {
                            "k": "avatar_url",
                            "v": "https://avatars.githubusercontent.com/u/117788749?v=4"
                          },
                          {
                            "k": "email",
                            "v": "117788749+PravalikaBathini@users.noreply.github.com"
                          },
                          {
                            "k": "events_url",
                            "v": "https://api.github.com/users/PravalikaBathini/events{/privacy}"
                          },
                          {
                            "k": "followers_url",
                            "v": "https://api.github.com/users/PravalikaBathini/followers"
                          },
                          {
                            "k": "following_url",
                            "v": "https://api.github.com/users/PravalikaBathini/following{/other_user}"
                          },
                          {
                            "k": "gists_url",
                            "v": "https://api.github.com/users/PravalikaBathini/gists{/gist_id}"
                          },
                          {
                            "k": "gravatar_id",
                            "v": ""
                          },
                          {
                            "k": "html_url",
                            "v": "https://github.com/PravalikaBathini"
                          },
                          {
                            "k": "id",
                            "v": 117788749.0
                          },
                          {
                            "k": "login",
                            "v": "PravalikaBathini"
                          },
                          {
                            "k": "name",
                            "v": "PravalikaBathini"
                          },
                          {
                            "k": "node_id",
                            "v": "U_kgDOBwVQTQ"
                          },
                          {
                            "k": "organizations_url",
                            "v": "https://api.github.com/users/PravalikaBathini/orgs"
                          },
                          {
                            "k": "received_events_url",
                            "v": "https://api.github.com/users/PravalikaBathini/received_events"
                          },
                          {
                            "k": "repos_url",
                            "v": "https://api.github.com/users/PravalikaBathini/repos"
                          },
                          {
                            "k": "site_admin",
                            "v": false
                          },
                          {
                            "k": "starred_url",
                            "v": "https://api.github.com/users/PravalikaBathini/starred{/owner}{/repo}"
                          },
                          {
                            "k": "subscriptions_url",
                            "v": "https://api.github.com/users/PravalikaBathini/subscriptions"
                          },
                          {
                            "k": "type",
                            "v": "User"
                          },
                          {
                            "k": "url",
                            "v": "https://api.github.com/users/PravalikaBathini"
                          },
                          {
                            "k": "user_view_type",
                            "v": "public"
                          }
                        ]
                      }
                    },
                    {
                      "k": "private",
                      "v": false
                    },
                    {
                      "k": "pull_request_creation_policy",
                      "v": "all"
                    },
                    {
                      "k": "pulls_url",
                      "v": "https://api.github.com/repos/PravalikaBathini/python-devops-project/pulls{/number}"
                    },
                    {
                      "k": "pushed_at",
                      "v": 1775815977.0
                    },
                    {
                      "k": "releases_url",
                      "v": "https://api.github.com/repos/PravalikaBathini/python-devops-project/releases{/id}"
                    },
                    {
                      "k": "size",
                      "v": 5.0
                    },
                    {
                      "k": "ssh_url",
                      "v": "git@github.com:PravalikaBathini/python-devops-project.git"
                    },
                    {
                      "k": "stargazers",
                      "v": 0.0
                    },
                    {
                      "k": "stargazers_count",
                      "v": 0.0
                    },
                    {
                      "k": "stargazers_url",
                      "v": "https://api.github.com/repos/PravalikaBathini/python-devops-project/stargazers"
                    },
                    {
                      "k": "statuses_url",
                      "v": "https://api.github.com/repos/PravalikaBathini/python-devops-project/statuses/{sha}"
                    },
                    {
                      "k": "subscribers_url",
                      "v": "https://api.github.com/repos/PravalikaBathini/python-devops-project/subscribers"
                    },
                    {
                      "k": "subscription_url",
                      "v": "https://api.github.com/repos/PravalikaBathini/python-devops-project/subscription"
                    },
                    {
                      "k": "svn_url",
                      "v": "https://github.com/PravalikaBathini/python-devops-project"
                    },
                    {
                      "k": "tags_url",
                      "v": "https://api.github.com/repos/PravalikaBathini/python-devops-project/tags"
                    },
                    {
                      "k": "teams_url",
                      "v": "https://api.github.com/repos/PravalikaBathini/python-devops-project/teams"
                    },
                    {
                      "k": "topics",
                      "v": {
                        "t": 1
                      }
                    },
                    {
                      "k": "trees_url",
                      "v": "https://api.github.com/repos/PravalikaBathini/python-devops-project/git/trees{/sha}"
                    },
                    {
                      "k": "updated_at",
                      "v": "2026-04-10T05:59:39Z"
                    },
                    {
                      "k": "url",
                      "v": "https://api.github.com/repos/PravalikaBathini/python-devops-project"
                    },
                    {
                      "k": "visibility",
                      "v": "public"
                    },
                    {
                      "k": "watchers",
                      "v": 0.0
                    },
                    {
                      "k": "watchers_count",
                      "v": 0.0
                    },
                    {
                      "k": "web_commit_signoff_required",
                      "v": false
                    }
                  ]
                }
              },
              {
                "k": "sender",
                "v": {
                  "t": 2,
                  "d": [
                    {
                      "k": "avatar_url",
                      "v": "https://avatars.githubusercontent.com/u/117788749?v=4"
                    },
                    {
                      "k": "events_url",
                      "v": "https://api.github.com/users/PravalikaBathini/events{/privacy}"
                    },
                    {
                      "k": "followers_url",
                      "v": "https://api.github.com/users/PravalikaBathini/followers"
                    },
                    {
                      "k": "following_url",
                      "v": "https://api.github.com/users/PravalikaBathini/following{/other_user}"
                    },
                    {
                      "k": "gists_url",
                      "v": "https://api.github.com/users/PravalikaBathini/gists{/gist_id}"
                    },
                    {
                      "k": "gravatar_id",
                      "v": ""
                    },
                    {
                      "k": "html_url",
                      "v": "https://github.com/PravalikaBathini"
                    },
                    {
                      "k": "id",
                      "v": 117788749.0
                    },
                    {
                      "k": "login",
                      "v": "PravalikaBathini"
                    },
                    {
                      "k": "node_id",
                      "v": "U_kgDOBwVQTQ"
                    },
                    {
                      "k": "organizations_url",
                      "v": "https://api.github.com/users/PravalikaBathini/orgs"
                    },
                    {
                      "k": "received_events_url",
                      "v": "https://api.github.com/users/PravalikaBathini/received_events"
                    },
                    {
                      "k": "repos_url",
                      "v": "https://api.github.com/users/PravalikaBathini/repos"
                    },
                    {
                      "k": "site_admin",
                      "v": false
                    },
                    {
                      "k": "starred_url",
                      "v": "https://api.github.com/users/PravalikaBathini/starred{/owner}{/repo}"
                    },
                    {
                      "k": "subscriptions_url",
                      "v": "https://api.github.com/users/PravalikaBathini/subscriptions"
                    },
                    {
                      "k": "type",
                      "v": "User"
                    },
                    {
                      "k": "url",
                      "v": "https://api.github.com/users/PravalikaBathini"
                    },
                    {
                      "k": "user_view_type",
                      "v": "public"
                    }
                  ]
                }
              }
            ]
          }
        },
        {
          "k": "workflow_ref",
          "v": "PravalikaBathini/python-devops-project/.github/workflows/ci-cd.yml@refs/heads/main"
        },
        {
          "k": "workflow_sha",
          "v": "0e4e84661904d5d4d613602e185a7bd4f19d19f9"
        },
        {
          "k": "repository_id",
          "v": "1205676945"
        },
        {
          "k": "triggering_actor",
          "v": "PravalikaBathini"
        }
      ]
    },
    "inputs": {
      "t": 2
    },
    "job": {
      "t": 2,
      "d": [
        {
          "k": "check_run_id",
          "v": 72070151161.0
        },
        {
          "k": "workflow_ref",
          "v": "PravalikaBathini/python-devops-project/.github/workflows/ci-cd.yml@refs/heads/main"
        },
        {
          "k": "workflow_sha",
          "v": "0e4e84661904d5d4d613602e185a7bd4f19d19f9"
        },
        {
          "k": "workflow_repository",
          "v": "PravalikaBathini/python-devops-project"
        },
        {
          "k": "workflow_file_path",
          "v": ".github/workflows/ci-cd.yml"
        }
      ]
    },
    "matrix": null,
    "needs": {
      "t": 2,
      "d": [
        {
          "k": "build-and-push",
          "v": {
            "t": 2,
            "d": [
              {
                "k": "result",
                "v": "success"
              },
              {
                "k": "outputs",
                "v": {
                  "t": 2
                }
              }
            ]
          }
        }
      ]
    },
    "strategy": {
      "t": 2,
      "d": [
        {
          "k": "fail-fast",
          "v": true
        },
        {
          "k": "job-index",
          "v": 0.0
        },
        {
          "k": "job-total",
          "v": 1.0
        },
        {
          "k": "max-parallel",
          "v": 1.0
        }
      ]
    },
    "vars": {
      "t": 2
    }
  },
  "billingOwnerId": "U_kgDOBwVQTQ"
}
[2026-04-20 05:22:37Z INFO JobRunner] Job ID 6a01aaff-2245-5439-8ce3-16f84be0cfb2
[2026-04-20 05:22:37Z INFO ConfigurationStore] currentAssemblyLocation: D:\GithubActions\actions-runner\bin\Runner.Worker.dll
[2026-04-20 05:22:37Z INFO HostContext] Well known directory 'Bin': 'D:\GithubActions\actions-runner\bin'
[2026-04-20 05:22:37Z INFO ConfigurationStore] binPath: D:\GithubActions\actions-runner\bin
[2026-04-20 05:22:37Z INFO HostContext] Well known directory 'Bin': 'D:\GithubActions\actions-runner\bin'
[2026-04-20 05:22:37Z INFO HostContext] Well known directory 'Root': 'D:\GithubActions\actions-runner'
[2026-04-20 05:22:37Z INFO ConfigurationStore] RootFolder: D:\GithubActions\actions-runner
[2026-04-20 05:22:37Z INFO HostContext] Well known directory 'Bin': 'D:\GithubActions\actions-runner\bin'
[2026-04-20 05:22:37Z INFO HostContext] Well known directory 'Root': 'D:\GithubActions\actions-runner'
[2026-04-20 05:22:37Z INFO HostContext] Well known config file 'Runner': 'D:\GithubActions\actions-runner\.runner'
[2026-04-20 05:22:37Z INFO ConfigurationStore] ConfigFilePath: D:\GithubActions\actions-runner\.runner
[2026-04-20 05:22:37Z INFO HostContext] Well known directory 'Bin': 'D:\GithubActions\actions-runner\bin'
[2026-04-20 05:22:37Z INFO HostContext] Well known directory 'Root': 'D:\GithubActions\actions-runner'
[2026-04-20 05:22:37Z INFO HostContext] Well known config file 'MigratedRunner': 'D:\GithubActions\actions-runner\.runner_migrated'
[2026-04-20 05:22:37Z INFO ConfigurationStore] MigratedConfigFilePath: D:\GithubActions\actions-runner\.runner_migrated
[2026-04-20 05:22:37Z INFO HostContext] Well known directory 'Bin': 'D:\GithubActions\actions-runner\bin'
[2026-04-20 05:22:37Z INFO HostContext] Well known directory 'Root': 'D:\GithubActions\actions-runner'
[2026-04-20 05:22:37Z INFO HostContext] Well known config file 'Credentials': 'D:\GithubActions\actions-runner\.credentials'
[2026-04-20 05:22:37Z INFO ConfigurationStore] CredFilePath: D:\GithubActions\actions-runner\.credentials
[2026-04-20 05:22:37Z INFO HostContext] Well known directory 'Bin': 'D:\GithubActions\actions-runner\bin'
[2026-04-20 05:22:37Z INFO HostContext] Well known directory 'Root': 'D:\GithubActions\actions-runner'
[2026-04-20 05:22:37Z INFO HostContext] Well known config file 'MigratedCredentials': 'D:\GithubActions\actions-runner\.credentials_migrated'
[2026-04-20 05:22:37Z INFO ConfigurationStore] MigratedCredFilePath: D:\GithubActions\actions-runner\.credentials_migrated
[2026-04-20 05:22:37Z INFO HostContext] Well known directory 'Bin': 'D:\GithubActions\actions-runner\bin'
[2026-04-20 05:22:37Z INFO HostContext] Well known directory 'Root': 'D:\GithubActions\actions-runner'
[2026-04-20 05:22:37Z INFO HostContext] Well known config file 'Service': 'D:\GithubActions\actions-runner\.service'
[2026-04-20 05:22:37Z INFO ConfigurationStore] ServiceConfigFilePath: D:\GithubActions\actions-runner\.service
[2026-04-20 05:22:37Z INFO ConfigurationStore] Read setting file: 417 chars
[2026-04-20 05:22:37Z INFO JobRunner] Initializing launch client
[2026-04-20 05:22:38Z INFO JobServerQueue] Initializing results client
[2026-04-20 05:22:38Z INFO ResultServer] Creating websocket client ...wss://results-receiver.actions.githubusercontent.com/_ws/ingest.sock
[2026-04-20 05:22:38Z INFO ResultServer] Attempting to start websocket client with delay 00:00:00.
[2026-04-20 05:22:38Z INFO JobServerQueue] Start process web console line queue.
[2026-04-20 05:22:38Z INFO JobServerQueue] Start process file upload queue.
[2026-04-20 05:22:38Z INFO JobServerQueue] Start results file upload queue.
[2026-04-20 05:22:38Z INFO JobServerQueue] Starting results-based upload queue...
[2026-04-20 05:22:38Z INFO JobServerQueue] Start process timeline update queue.
[2026-04-20 05:22:38Z INFO ExecutionContext] Initializing Job context
[2026-04-20 05:22:38Z INFO ExecutionContext] Initialize GitHub context
[2026-04-20 05:22:38Z INFO ExecutionContext] Initialize Env context
[2026-04-20 05:22:38Z INFO HostContext] Well known directory 'Bin': 'D:\GithubActions\actions-runner\bin'
[2026-04-20 05:22:38Z INFO HostContext] Well known directory 'Root': 'D:\GithubActions\actions-runner'
[2026-04-20 05:22:38Z INFO HostContext] Well known directory 'Diag': 'D:\GithubActions\actions-runner\_diag'
[2026-04-20 05:22:38Z INFO HostContext] Well known directory 'Bin': 'D:\GithubActions\actions-runner\bin'
[2026-04-20 05:22:38Z INFO HostContext] Well known directory 'Root': 'D:\GithubActions\actions-runner'
[2026-04-20 05:22:38Z INFO HostContext] Well known directory 'Diag': 'D:\GithubActions\actions-runner\_diag'
[2026-04-20 05:22:38Z INFO JobRunner] Starting the job execution context.
[2026-04-20 05:22:38Z INFO HostContext] Well known directory 'Bin': 'D:\GithubActions\actions-runner\bin'
[2026-04-20 05:22:38Z INFO HostContext] Well known directory 'Root': 'D:\GithubActions\actions-runner'
[2026-04-20 05:22:38Z INFO HostContext] Well known directory 'Work': 'D:\GithubActions\actions-runner\_work'
[2026-04-20 05:22:38Z INFO JobRunner] Validating directory permissions for: 'D:\GithubActions\actions-runner\_work'
[2026-04-20 05:22:38Z INFO HostContext] Well known directory 'Bin': 'D:\GithubActions\actions-runner\bin'
[2026-04-20 05:22:38Z INFO HostContext] Well known directory 'Root': 'D:\GithubActions\actions-runner'
[2026-04-20 05:22:38Z INFO HostContext] Well known directory 'Work': 'D:\GithubActions\actions-runner\_work'
[2026-04-20 05:22:38Z INFO HostContext] Well known directory 'Tools': 'D:\GithubActions\actions-runner\_work\_tool'
[2026-04-20 05:22:38Z INFO HostContext] Well known directory 'Bin': 'D:\GithubActions\actions-runner\bin'
[2026-04-20 05:22:38Z INFO HostContext] Well known directory 'Root': 'D:\GithubActions\actions-runner'
[2026-04-20 05:22:38Z INFO HostContext] Well known directory 'Work': 'D:\GithubActions\actions-runner\_work'
[2026-04-20 05:22:38Z INFO HostContext] Well known directory 'Temp': 'D:\GithubActions\actions-runner\_work\_temp'
[2026-04-20 05:22:38Z INFO JobRunner] Getting job extension.
[2026-04-20 05:22:38Z INFO JobRunner] Initialize job. Getting all job steps.
[2026-04-20 05:22:38Z INFO HostContext] Well known directory 'Bin': 'D:\GithubActions\actions-runner\bin'
[2026-04-20 05:22:38Z INFO HostContext] Well known directory 'Root': 'D:\GithubActions\actions-runner'
[2026-04-20 05:22:38Z INFO HostContext] Well known directory 'Diag': 'D:\GithubActions\actions-runner\_diag'
[2026-04-20 05:22:38Z INFO HostContext] Well known directory 'Bin': 'D:\GithubActions\actions-runner\bin'
[2026-04-20 05:22:38Z INFO HostContext] Well known directory 'Root': 'D:\GithubActions\actions-runner'
[2026-04-20 05:22:38Z INFO HostContext] Well known directory 'Diag': 'D:\GithubActions\actions-runner\_diag'
[2026-04-20 05:22:38Z INFO HostContext] Well known directory 'Bin': 'D:\GithubActions\actions-runner\bin'
[2026-04-20 05:22:38Z INFO HostContext] Well known directory 'Root': 'D:\GithubActions\actions-runner'
[2026-04-20 05:22:38Z INFO HostContext] Well known config file 'Credentials': 'D:\GithubActions\actions-runner\.credentials'
[2026-04-20 05:22:38Z INFO HostContext] Well known directory 'Bin': 'D:\GithubActions\actions-runner\bin'
[2026-04-20 05:22:38Z INFO HostContext] Well known directory 'Root': 'D:\GithubActions\actions-runner'
[2026-04-20 05:22:38Z INFO HostContext] Well known config file 'SetupInfo': 'D:\GithubActions\actions-runner\.setup_info'
[2026-04-20 05:22:38Z INFO HostContext] Well known directory 'Bin': 'D:\GithubActions\actions-runner\bin'
[2026-04-20 05:22:38Z INFO HostContext] Well known directory 'Root': 'D:\GithubActions\actions-runner'
[2026-04-20 05:22:38Z INFO HostContext] Well known directory 'Work': 'D:\GithubActions\actions-runner\_work'
[2026-04-20 05:22:38Z INFO PipelineDirectoryManager] Loading tracking config if exists: D:\GithubActions\actions-runner\_work\_PipelineMapping\PravalikaBathini/python-devops-project\PipelineFolder.json
[2026-04-20 05:22:38Z INFO PipelineDirectoryManager] Updating job run properties.
[2026-04-20 05:22:39Z INFO HostContext] Well known directory 'Bin': 'D:\GithubActions\actions-runner\bin'
[2026-04-20 05:22:39Z INFO HostContext] Well known directory 'Root': 'D:\GithubActions\actions-runner'
[2026-04-20 05:22:39Z INFO HostContext] Well known directory 'Work': 'D:\GithubActions\actions-runner\_work'
[2026-04-20 05:22:39Z INFO HostContext] Well known directory 'Bin': 'D:\GithubActions\actions-runner\bin'
[2026-04-20 05:22:39Z INFO HostContext] Well known directory 'Root': 'D:\GithubActions\actions-runner'
[2026-04-20 05:22:39Z INFO HostContext] Well known directory 'Work': 'D:\GithubActions\actions-runner\_work'
[2026-04-20 05:22:39Z INFO HostContext] Well known directory 'Bin': 'D:\GithubActions\actions-runner\bin'
[2026-04-20 05:22:39Z INFO HostContext] Well known directory 'Root': 'D:\GithubActions\actions-runner'
[2026-04-20 05:22:39Z INFO HostContext] Well known directory 'Work': 'D:\GithubActions\actions-runner\_work'
[2026-04-20 05:22:39Z INFO JobExtension] Downloading actions
[2026-04-20 05:22:39Z INFO HostContext] Well known directory 'Bin': 'D:\GithubActions\actions-runner\bin'
[2026-04-20 05:22:39Z INFO HostContext] Well known directory 'Root': 'D:\GithubActions\actions-runner'
[2026-04-20 05:22:39Z INFO HostContext] Well known directory 'Work': 'D:\GithubActions\actions-runner\_work'
[2026-04-20 05:22:39Z INFO HostContext] Well known directory 'Actions': 'D:\GithubActions\actions-runner\_work\_actions'
[2026-04-20 05:22:40Z INFO Worker] Listening for cancel message from the channel.
[2026-04-20 05:22:40Z INFO Worker] Waiting for the job to complete or for a cancel message from the channel.
[2026-04-20 05:22:40Z INFO ProcessChannel] Receiving message of length 0, with hash 'e3b0c44298fc1c149afbf4c8996fb92427ae41e4649b934ca495991b7852b855'
[2026-04-20 05:22:40Z INFO Worker] Cancellation/Shutdown message received.
[2026-04-20 05:22:40Z WARN GitHubActionsService] POST request to https://launch.actions.githubusercontent.com/actions/build/8aa84768-4f93-415a-8550-e8ec0140e4b4/jobs/6a01aaff-2245-5439-8ce3-16f84be0cfb2/runnerresolve/actions has been cancelled.
[2026-04-20 05:22:40Z ERR  JobExtension] Caught cancellation exception from JobExtension Initialization: System.Threading.Tasks.TaskCanceledException: A task was canceled.
 ---> System.Threading.Tasks.TaskCanceledException: A task was canceled.
   at System.Threading.Tasks.TaskCompletionSourceWithCancellation`1.WaitWithCancellationAsync(CancellationToken cancellationToken)
   at System.Net.Http.HttpConnectionPool.SendWithVersionDetectionAndRetryAsync(HttpRequestMessage request, Boolean async, Boolean doRequestAuth, CancellationToken cancellationToken)
   at System.Net.Http.AuthenticationHelper.SendWithAuthAsync(HttpRequestMessage request, Uri authUri, Boolean async, ICredentials credentials, Boolean preAuthenticate, Boolean isProxyAuth, Boolean doRequestAuth, HttpConnectionPool pool, CancellationToken cancellationToken)
   at System.Net.Http.RedirectHandler.SendAsync(HttpRequestMessage request, Boolean async, CancellationToken cancellationToken)
   at GitHub.Services.Common.RawHttpMessageHandler.SendAsync(HttpRequestMessage request, CancellationToken cancellationToken)
   at GitHub.Services.Common.VssHttpRetryMessageHandler.SendAsync(HttpRequestMessage request, CancellationToken cancellationToken)
   at System.Net.Http.HttpClient.<SendAsync>g__Core|83_0(HttpRequestMessage request, HttpCompletionOption completionOption, CancellationTokenSource cts, Boolean disposeCts, CancellationTokenSource pendingRequestsCts, CancellationToken originalCancellationToken)
   --- End of inner exception stack trace ---
   at System.Net.Http.HttpClient.HandleFailure(Exception e, Boolean telemetryStarted, HttpResponseMessage response, CancellationTokenSource cts, CancellationToken cancellationToken, CancellationTokenSource pendingRequestsCts)
   at System.Net.Http.HttpClient.<SendAsync>g__Core|83_0(HttpRequestMessage request, HttpCompletionOption completionOption, CancellationTokenSource cts, Boolean disposeCts, CancellationTokenSource pendingRequestsCts, CancellationToken originalCancellationToken)
   at Sdk.WebApi.WebApi.RawHttpClientBase.SendAsync(HttpRequestMessage message, HttpCompletionOption completionOption, Object userState, CancellationToken cancellationToken)
   at GitHub.Services.Launch.Client.LaunchHttpClient.GetLaunchSignedURLResponse[R](Uri uri, R request, CancellationToken cancellationToken)
   at GitHub.Services.Launch.Client.LaunchHttpClient.GetResolveActionsDownloadInfoAsyncV2(Guid planId, Guid jobId, ActionReferenceList actionReferenceList, CancellationToken cancellationToken)
   at GitHub.Runner.Worker.ActionManager.GetDownloadInfoAsync(IExecutionContext executionContext, List`1 actions)
   at GitHub.Runner.Worker.ActionManager.PrepareActionsRecursiveAsync(IExecutionContext executionContext, PrepareActionsState state, IEnumerable`1 actions, Int32 depth, Guid parentStepId)
   at GitHub.Runner.Worker.ActionManager.PrepareActionsAsync(IExecutionContext executionContext, IEnumerable`1 steps, Guid rootStepId)
   at GitHub.Runner.Worker.JobExtension.InitializeJob(IExecutionContext jobContext, AgentJobRequestMessage message)
[2026-04-20 05:22:40Z INFO ResultServer] Successfully started websocket client.
[2026-04-20 05:22:40Z INFO JobServerQueue] Try to append 1 batches web console lines for record '9918eb1a-7177-4658-aa91-6973beb2d923', success rate: 1/1.
[2026-04-20 05:22:40Z INFO ExecutionContext] Publish step telemetry for current step {
  "action": "setup_job",
  "type": "runner",
  "stage": "Pre",
  "stepId": "9918eb1a-7177-4658-aa91-6973beb2d923",
  "result": "canceled",
  "errorMessages": [
    "A task was canceled."
  ],
  "executionTimeInSeconds": 2,
  "startTime": "2026-04-20T05:22:38.7812625Z",
  "finishTime": "2026-04-20T05:22:40.4472808Z"
}.
[2026-04-20 05:22:40Z ERR  JobRunner] Job is cancelled during initialize.
[2026-04-20 05:22:40Z ERR  JobRunner] Caught exception: System.Threading.Tasks.TaskCanceledException: A task was canceled.
 ---> System.Threading.Tasks.TaskCanceledException: A task was canceled.
   at System.Threading.Tasks.TaskCompletionSourceWithCancellation`1.WaitWithCancellationAsync(CancellationToken cancellationToken)
   at System.Net.Http.HttpConnectionPool.SendWithVersionDetectionAndRetryAsync(HttpRequestMessage request, Boolean async, Boolean doRequestAuth, CancellationToken cancellationToken)
   at System.Net.Http.AuthenticationHelper.SendWithAuthAsync(HttpRequestMessage request, Uri authUri, Boolean async, ICredentials credentials, Boolean preAuthenticate, Boolean isProxyAuth, Boolean doRequestAuth, HttpConnectionPool pool, CancellationToken cancellationToken)
   at System.Net.Http.RedirectHandler.SendAsync(HttpRequestMessage request, Boolean async, CancellationToken cancellationToken)
   at GitHub.Services.Common.RawHttpMessageHandler.SendAsync(HttpRequestMessage request, CancellationToken cancellationToken)
   at GitHub.Services.Common.VssHttpRetryMessageHandler.SendAsync(HttpRequestMessage request, CancellationToken cancellationToken)
   at System.Net.Http.HttpClient.<SendAsync>g__Core|83_0(HttpRequestMessage request, HttpCompletionOption completionOption, CancellationTokenSource cts, Boolean disposeCts, CancellationTokenSource pendingRequestsCts, CancellationToken originalCancellationToken)
   --- End of inner exception stack trace ---
   at System.Net.Http.HttpClient.HandleFailure(Exception e, Boolean telemetryStarted, HttpResponseMessage response, CancellationTokenSource cts, CancellationToken cancellationToken, CancellationTokenSource pendingRequestsCts)
   at System.Net.Http.HttpClient.<SendAsync>g__Core|83_0(HttpRequestMessage request, HttpCompletionOption completionOption, CancellationTokenSource cts, Boolean disposeCts, CancellationTokenSource pendingRequestsCts, CancellationToken originalCancellationToken)
   at Sdk.WebApi.WebApi.RawHttpClientBase.SendAsync(HttpRequestMessage message, HttpCompletionOption completionOption, Object userState, CancellationToken cancellationToken)
   at GitHub.Services.Launch.Client.LaunchHttpClient.GetLaunchSignedURLResponse[R](Uri uri, R request, CancellationToken cancellationToken)
   at GitHub.Services.Launch.Client.LaunchHttpClient.GetResolveActionsDownloadInfoAsyncV2(Guid planId, Guid jobId, ActionReferenceList actionReferenceList, CancellationToken cancellationToken)
   at GitHub.Runner.Worker.ActionManager.GetDownloadInfoAsync(IExecutionContext executionContext, List`1 actions)
   at GitHub.Runner.Worker.ActionManager.PrepareActionsRecursiveAsync(IExecutionContext executionContext, PrepareActionsState state, IEnumerable`1 actions, Int32 depth, Guid parentStepId)
   at GitHub.Runner.Worker.ActionManager.PrepareActionsAsync(IExecutionContext executionContext, IEnumerable`1 steps, Guid rootStepId)
   at GitHub.Runner.Worker.JobExtension.InitializeJob(IExecutionContext jobContext, AgentJobRequestMessage message)
   at GitHub.Runner.Worker.JobRunner.RunAsync(AgentJobRequestMessage message, CancellationToken jobRequestCancellationToken)
[2026-04-20 05:22:40Z INFO JobRunner] Shutting down the job server queue.
[2026-04-20 05:22:40Z INFO JobServerQueue] Fire signal to shutdown all queues.
[2026-04-20 05:22:41Z INFO JobServerQueue] Job timeline record has been updated for the first time.
[2026-04-20 05:22:41Z INFO JobServerQueue] All queue process task stopped.
[2026-04-20 05:22:41Z INFO JobServerQueue] Try to append 1 batches web console lines for record '9918eb1a-7177-4658-aa91-6973beb2d923', success rate: 1/1.
[2026-04-20 05:22:41Z INFO JobServerQueue] Web console line queue drained.
[2026-04-20 05:22:41Z INFO JobServerQueue] Uploading 2 files in one shot.
[2026-04-20 05:22:41Z INFO JobServerQueue] Try to upload 2 log files or attachments, success rate: 2/2.
[2026-04-20 05:22:41Z INFO JobServerQueue] File upload queue drained.
[2026-04-20 05:22:41Z INFO JobServerQueue] Starting results-based upload queue...
[2026-04-20 05:22:41Z INFO JobServerQueue] Uploading 2 file(s) in one shot through results service.
[2026-04-20 05:22:41Z INFO JobServerQueue] Got a step log file to send to results service.
[2026-04-20 05:22:41Z INFO JobServerQueue] Starting upload of step log file to results service ResultsLog, D:\GithubActions\actions-runner\_diag\blocks\8aa84768-4f93-415a-8550-e8ec0140e4b4_9918eb1a-7177-4658-aa91-6973beb2d923.1
[2026-04-20 05:22:44Z INFO JobServerQueue] Got a job log file to send to results service.
[2026-04-20 05:22:44Z INFO JobServerQueue] Starting upload of job log file to results service ResultsLog, D:\GithubActions\actions-runner\_diag\blocks\8aa84768-4f93-415a-8550-e8ec0140e4b4_6a01aaff-2245-5439-8ce3-16f84be0cfb2.1
[2026-04-20 05:22:45Z INFO JobServerQueue] Tried to upload 2 file(s) to results, success rate: 2/2.
[2026-04-20 05:22:45Z INFO JobServerQueue] Results upload queue drained.
[2026-04-20 05:22:45Z INFO JobServerQueue] Timeline update queue drained.
[2026-04-20 05:22:45Z INFO JobServerQueue] Disposing job server ...
[2026-04-20 05:22:45Z INFO JobServerQueue] Disposing results server ...
[2026-04-20 05:22:45Z INFO JobServerQueue] All queue process tasks have been stopped, and all queues are drained.
[2026-04-20 05:22:45Z INFO TempDirectoryManager] Cleaning runner temp folder: D:\GithubActions\actions-runner\_work\_temp
[2026-04-20 05:22:45Z INFO HostContext] Well known directory 'Bin': 'D:\GithubActions\actions-runner\bin'
[2026-04-20 05:22:45Z INFO HostContext] Well known directory 'Root': 'D:\GithubActions\actions-runner'
[2026-04-20 05:22:45Z INFO HostContext] Well known directory 'Diag': 'D:\GithubActions\actions-runner\_diag'
[2026-04-20 05:22:45Z INFO HostContext] Well known config file 'Telemetry': 'D:\GithubActions\actions-runner\_diag\.telemetry'
[2026-04-20 05:22:45Z INFO JobRunner] Raising job completed against run service
